<?xml version="1.0" encoding="UTF-8"?>
<!-- Generated by org.testng.reporters.JUnitXMLReporter -->
<testsuite ignored="0" hostname="DESKTOP-N3LRL61" failures="0" tests="5" name="Default test" time="16.829" errors="0" timestamp="2023-11-30T20:01:39 IST">
  <testcase classname="com.QA.tests.Booking_Test" name="Create_Booking_test" time="5.471"/>
  <testcase classname="com.QA.tests.Booking_Test" name="Get_Booking_Test" time="1.827"/>
  <testcase classname="com.QA.tests.Booking_Test" name="Update_Booking_Test" time="3.247"/>
  <testcase classname="com.QA.tests.Booking_Test" name="Get_Booking_After_Updating_Data_Test" time="1.592"/>
  <testcase classname="com.QA.tests.Booking_Test" name="Delete_Booking_Test" time="4.019"/>
</testsuite> <!-- Default test -->
