<?xml version="1.0" encoding="UTF-8"?>
<!-- Generated by org.testng.reporters.JUnitXMLReporter -->
<testsuite ignored="0" hostname="DESKTOP-N3LRL61" failures="0" tests="4" name="Booking_Test" time="9.662" errors="0" timestamp="2023-11-30T20:21:34 IST">
  <testcase classname="com.QA.tests.Booking_Test" name="Create_Booking_test" time="1.833"/>
  <testcase classname="com.QA.tests.Booking_Test" name="Get_Booking_Test" time="1.774"/>
  <testcase classname="com.QA.tests.Booking_Test" name="Update_Booking_Test" time="2.989"/>
  <testcase classname="com.QA.tests.Booking_Test" name="Delete_Booking_Test" time="2.952"/>
</testsuite> <!-- Booking_Test -->
