<?xml version="1.0" encoding="UTF-8"?>
<!-- Generated by org.testng.reporters.JUnitXMLReporter -->
<testsuite ignored="0" hostname="DESKTOP-N3LRL61" failures="0" tests="4" name="Employee_Test" time="12.348" errors="0" timestamp="2023-11-30T20:21:24 IST">
  <testcase classname="com.QA.tests.Employee_Test" name="Create_Employee_Details_Test" time="5.208"/>
  <testcase classname="com.QA.tests.Employee_Test" name="Get_Employee_Details_Test" time="1.663"/>
  <testcase classname="com.QA.tests.Employee_Test" name="Update_Employee_Details_Test" time="1.682"/>
  <testcase classname="com.QA.tests.Employee_Test" name="Delete_Employee_Details_Test" time="1.912"/>
</testsuite> <!-- Employee_Test -->
