<?xml version="1.0" encoding="UTF-8"?>
<!-- Generated by org.testng.reporters.JUnitXMLReporter -->
<testsuite ignored="0" hostname="DESKTOP-N3LRL61" failures="0" tests="8" name="Test" time="21.258" errors="0" timestamp="2023-11-30T20:18:50 IST">
  <testcase classname="com.QA.tests.Employee_Test" name="Create_Employee_Details_Test" time="5.097"/>
  <testcase classname="com.QA.tests.Employee_Test" name="Get_Employee_Details_Test" time="1.574"/>
  <testcase classname="com.QA.tests.Employee_Test" name="Update_Employee_Details_Test" time="1.438"/>
  <testcase classname="com.QA.tests.Employee_Test" name="Delete_Employee_Details_Test" time="1.603"/>
  <testcase classname="com.QA.tests.Booking_Test" name="Create_Booking_test" time="2.002"/>
  <testcase classname="com.QA.tests.Booking_Test" name="Get_Booking_Test" time="1.78"/>
  <testcase classname="com.QA.tests.Booking_Test" name="Update_Booking_Test" time="3.0"/>
  <testcase classname="com.QA.tests.Booking_Test" name="Delete_Booking_Test" time="3.057"/>
</testsuite> <!-- Test -->
