<?xml version="1.0" encoding="UTF-8"?>
<!-- Generated by org.testng.reporters.JUnitXMLReporter -->
<testsuite ignored="0" hostname="DESKTOP-N3LRL61" failures="0" tests="4" name="Booking_Test" time="17.437" errors="0" timestamp="2023-11-30T20:59:02 IST">
  <testcase classname="com.QA.tests.Booking_Test" name="Create_Booking_test" time="4.305"/>
  <testcase classname="com.QA.tests.Booking_Test" name="Get_Booking_Test" time="2.688"/>
  <testcase classname="com.QA.tests.Booking_Test" name="Update_Booking_Test" time="5.449"/>
  <testcase classname="com.QA.tests.Booking_Test" name="Delete_Booking_Test" time="4.906"/>
</testsuite> <!-- Booking_Test -->
