<?xml version="1.0" encoding="UTF-8"?>
<!-- Generated by org.testng.reporters.JUnitXMLReporter -->
<testsuite ignored="0" hostname="DESKTOP-N3LRL61" failures="0" tests="4" name="Employee_Test" time="12.578" errors="0" timestamp="2023-11-30T20:58:44 IST">
  <testcase classname="com.QA.tests.Employee_Test" name="Create_Employee_Details_Test" time="5.325"/>
  <testcase classname="com.QA.tests.Employee_Test" name="Get_Employee_Details_Test" time="1.955"/>
  <testcase classname="com.QA.tests.Employee_Test" name="Update_Employee_Details_Test" time="1.758"/>
  <testcase classname="com.QA.tests.Employee_Test" name="Delete_Employee_Details_Test" time="1.6"/>
</testsuite> <!-- Employee_Test -->
