<?xml version="1.0" encoding="UTF-8"?>
<testsuite xmlns:xsi="http://www.w3.org/2001/XMLSchema-instance" xsi:noNamespaceSchemaLocation="https://maven.apache.org/surefire/maven-surefire-plugin/xsd/surefire-test-report-3.0.xsd" version="3.0" name="TestSuite" time="32.019" tests="8" errors="0" skipped="0" failures="0">
  <properties>
[...]
</properties>
  <testcase name="Create_Employee_Details_Test" classname="com.QA.tests.Employee_Test" time="5.343">
    <system-out><![CDATA[Employee----Payload......
{
  "name" : "Kimberli",
  "age" : "13",
  "salary" : "49532"
}
[DEBUG] 2023-11-30 20:58:33.481 [main] Employee_Test - Employee_API_Test Started
[INFO ] 2023-11-30 20:58:33.525 [main] Employee_Test - Employee_API_Create_employee_Test Started...
[INFO ] 2023-11-30 20:58:37.687 [main] Employee_Test - Employee_API_Create_employee_Test Assertion passed...
HTTP/1.1 200 OK
Date: Thu, 30 Nov 2023 15:28:36 GMT
Server: Apache
Cache-Control: no-cache, private
X-RateLimit-Limit: 60
X-RateLimit-Remaining: 58
Upgrade: h2,h2c
Connection: Upgrade, Keep-Alive
Cache-Control: max-age=21600
Expires: Thu, 30 Nov 2023 21:28:36 GMT
Vary: Accept-Encoding
Content-Encoding: gzip
X-Newfold-Cache-Level: 2
X-Endurance-Cache-Level: 2
X-nginx-cache: WordPress
Content-Length: 131
Keep-Alive: timeout=5, max=75
Content-Type: application/json

{
    "status": "success",
    "data": {
        "name": "Kimberli",
        "age": "13",
        "salary": "49532",
        "id": 9315
    },
    "message": "Successfully! Record has been added."
}
Response id : 9315
[INFO ] 2023-11-30 20:58:38.834 [main] Employee_Test - Employee_API_Create_employee_Test Ended...
]]></system-out>
    <system-err><![CDATA[log4j:WARN No appenders could be found for logger (org.apache.http.impl.conn.BasicClientConnectionManager).
log4j:WARN Please initialize the log4j system properly.
log4j:WARN See http://logging.apache.org/log4j/1.2/faq.html#noconfig for more info.
]]></system-err>
  </testcase>
  <testcase name="Get_Employee_Details_Test" classname="com.QA.tests.Employee_Test" time="2.034">
    <system-out><![CDATA[[INFO ] 2023-11-30 20:58:38.861 [main] Employee_Test - Employee_API_Get_employee_Test Started...
HTTP/1.1 429 Too Many Requests
Date: Thu, 30 Nov 2023 15:28:39 GMT
Server: Apache
X-RateLimit-Limit: 60
X-RateLimit-Remaining: 57
Retry-After: 57
X-RateLimit-Reset: 1701358176
Cache-Control: no-cache, private
Upgrade: h2,h2c
Connection: Upgrade, Keep-Alive
Vary: Accept-Encoding
Content-Encoding: gzip
X-Newfold-Cache-Level: 2
X-Endurance-Cache-Level: 2
X-nginx-cache: WordPress
Content-Length: 57
Keep-Alive: timeout=5, max=75
Content-Type: application/json

{
    "message": "Too Many Attempts."
}
[INFO ] 2023-11-30 20:58:40.816 [main] Employee_Test - Employee_API_Get_employee_Test Started...
]]></system-out>
  </testcase>
  <testcase name="Update_Employee_Details_Test" classname="com.QA.tests.Employee_Test" time="1.704">
    <system-out><![CDATA[[INFO ] 2023-11-30 20:58:40.816 [main] Employee_Test - Employee_API_Update_employee_Test Started...
HTTP/1.1 429 Too Many Requests
Date: Thu, 30 Nov 2023 15:28:41 GMT
Server: Apache
X-RateLimit-Limit: 60
X-RateLimit-Remaining: 56
Retry-After: 55
X-RateLimit-Reset: 1701358176
Cache-Control: no-cache, private
Upgrade: h2,h2c
Connection: Upgrade, Keep-Alive
Vary: Accept-Encoding
Content-Encoding: gzip
X-Newfold-Cache-Level: 2
X-Endurance-Cache-Level: 2
X-nginx-cache: WordPress
Content-Length: 57
Keep-Alive: timeout=5, max=75
Content-Type: application/json

{
    "message": "Too Many Attempts."
}
[INFO ] 2023-11-30 20:58:42.574 [main] Employee_Test - Employee_API_Update_employee_Test Started...
]]></system-out>
  </testcase>
  <testcase name="Delete_Employee_Details_Test" classname="com.QA.tests.Employee_Test" time="1.608">
    <system-out><![CDATA[[INFO ] 2023-11-30 20:58:42.587 [main] Employee_Test - Employee_API_Delete_employee_Test Started...
HTTP/1.1 429 Too Many Requests
Date: Thu, 30 Nov 2023 15:28:43 GMT
Server: Apache
X-RateLimit-Limit: 60
X-RateLimit-Remaining: 55
Retry-After: 53
X-RateLimit-Reset: 1701358176
Cache-Control: no-cache, private
Upgrade: h2,h2c
Connection: Upgrade, Keep-Alive
Vary: Accept-Encoding
Content-Encoding: gzip
X-Newfold-Cache-Level: 2
X-Endurance-Cache-Level: 2
X-nginx-cache: WordPress
Content-Length: 57
Keep-Alive: timeout=5, max=75
Content-Type: application/json

{
    "message": "Too Many Attempts."
}
[INFO ] 2023-11-30 20:58:44.174 [main] Employee_Test - Employee_API_Delete_employee_Test Started...
]]></system-out>
  </testcase>
  <testcase name="Create_Booking_test" classname="com.QA.tests.Booking_Test" time="4.347">
    <system-out><![CDATA[{
  "firstname" : "Eddy",
  "lastname" : "Nikolaus",
  "totalprice" : 752,
  "depositpaid" : true,
  "bookingdates" : {
    "checkin" : "2022-12-31",
    "checkout" : "2023-01-31"
  },
  "additionalneeds" : "Breakfast"
}
[DEBUG] 2023-11-30 20:58:45.043 [main] Booking_Test - Booking_API_Test Started...
[INFO ] 2023-11-30 20:58:45.043 [main] Booking_Test - Booking API Create User Test Started....
HTTP/1.1 200 OK
Server: Cowboy
Report-To: {"group":"heroku-nel","max_age":3600,"endpoints":[{"url":"https://nel.heroku.com/reports?ts=1701358128&sid=c46efe9b-d3d2-4a0c-8c76-bfafa16c5add&s=aKwodgD0foMYPNm1rh1hLi9xdsyJpk9b0yZDRctjc4o%3D"}]}
Reporting-Endpoints: heroku-nel=https://nel.heroku.com/reports?ts=1701358128&sid=c46efe9b-d3d2-4a0c-8c76-bfafa16c5add&s=aKwodgD0foMYPNm1rh1hLi9xdsyJpk9b0yZDRctjc4o%3D
Nel: {"report_to":"heroku-nel","max_age":3600,"success_fraction":0.005,"failure_fraction":0.05,"response_headers":["Via"]}
Connection: keep-alive
X-Powered-By: Express
Content-Type: application/json; charset=utf-8
Content-Length: 201
Etag: W/"c9-/IL5PJuMy7loXlYYbCqrj50gTlw"
Date: Thu, 30 Nov 2023 15:28:48 GMT
Via: 1.1 vegur

{
    "bookingid": 3630,
    "booking": {
        "firstname": "Eddy",
        "lastname": "Nikolaus",
        "totalprice": 752,
        "depositpaid": true,
        "bookingdates": {
            "checkin": "2022-12-31",
            "checkout": "2023-01-31"
        },
        "additionalneeds": "Breakfast"
    }
}
[INFO ] 2023-11-30 20:58:49.299 [main] Booking_Test - Booking API Create User Test status Assertion passed....
3630
[INFO ] 2023-11-30 20:58:49.348 [main] Booking_Test - Booking API Create User Test Ended....
]]></system-out>
  </testcase>
  <testcase name="Get_Booking_Test" classname="com.QA.tests.Booking_Test" time="2.631">
    <system-out><![CDATA[[INFO ] 2023-11-30 20:58:49.348 [main] Booking_Test - Booking API Get User Test Started....
HTTP/1.1 200 OK
Server: Cowboy
Report-To: {"group":"heroku-nel","max_age":3600,"endpoints":[{"url":"https://nel.heroku.com/reports?ts=1701358130&sid=c46efe9b-d3d2-4a0c-8c76-bfafa16c5add&s=noT4etPAHWBoBJsGhzqUTydaDyfPWIqD%2Bj0idH8bUH0%3D"}]}
Reporting-Endpoints: heroku-nel=https://nel.heroku.com/reports?ts=1701358130&sid=c46efe9b-d3d2-4a0c-8c76-bfafa16c5add&s=noT4etPAHWBoBJsGhzqUTydaDyfPWIqD%2Bj0idH8bUH0%3D
Nel: {"report_to":"heroku-nel","max_age":3600,"success_fraction":0.005,"failure_fraction":0.05,"response_headers":["Via"]}
Connection: keep-alive
X-Powered-By: Express
Content-Type: application/json; charset=utf-8
Content-Length: 172
Etag: W/"ac-j2TeQ6ecJy8L0chtgPsfVT7VB9U"
Date: Thu, 30 Nov 2023 15:28:50 GMT
Via: 1.1 vegur

{
    "firstname": "Eddy",
    "lastname": "Nikolaus",
    "totalprice": 752,
    "depositpaid": true,
    "bookingdates": {
        "checkin": "2022-12-31",
        "checkout": "2023-01-31"
    },
    "additionalneeds": "Breakfast"
}
[INFO ] 2023-11-30 20:58:51.408 [main] Booking_Test - Booking API Get User Test Assertion passed....
Server : Cowboy
Report-To : {"group":"heroku-nel","max_age":3600,"endpoints":[{"url":"https://nel.heroku.com/reports?ts=1701358130&sid=c46efe9b-d3d2-4a0c-8c76-bfafa16c5add&s=noT4etPAHWBoBJsGhzqUTydaDyfPWIqD%2Bj0idH8bUH0%3D"}]}
Reporting-Endpoints : heroku-nel=https://nel.heroku.com/reports?ts=1701358130&sid=c46efe9b-d3d2-4a0c-8c76-bfafa16c5add&s=noT4etPAHWBoBJsGhzqUTydaDyfPWIqD%2Bj0idH8bUH0%3D
Nel : {"report_to":"heroku-nel","max_age":3600,"success_fraction":0.005,"failure_fraction":0.05,"response_headers":["Via"]}
Connection : keep-alive
X-Powered-By : Express
Content-Type : application/json; charset=utf-8
Content-Length : 172
Etag : W/"ac-j2TeQ6ecJy8L0chtgPsfVT7VB9U"
Date : Thu, 30 Nov 2023 15:28:50 GMT
Via : 1.1 vegur
[INFO ] 2023-11-30 20:58:52.036 [main] Booking_Test - Booking API Create User Test Ended....
]]></system-out>
  </testcase>
  <testcase name="Update_Booking_Test" classname="com.QA.tests.Booking_Test" time="5.48">
    <system-out><![CDATA[[INFO ] 2023-11-30 20:58:52.036 [main] Booking_Test - Booking API Update User Test Started....
HTTP/1.1 403 Forbidden
Server: Cowboy
Report-To: {"group":"heroku-nel","max_age":3600,"endpoints":[{"url":"https://nel.heroku.com/reports?ts=1701358136&sid=c46efe9b-d3d2-4a0c-8c76-bfafa16c5add&s=R5EPcd%2Bv0JxivtRTSxuFeNXx8cWWrwa277XFAmRzYGo%3D"}]}
Reporting-Endpoints: heroku-nel=https://nel.heroku.com/reports?ts=1701358136&sid=c46efe9b-d3d2-4a0c-8c76-bfafa16c5add&s=R5EPcd%2Bv0JxivtRTSxuFeNXx8cWWrwa277XFAmRzYGo%3D
Nel: {"report_to":"heroku-nel","max_age":3600,"success_fraction":0.005,"failure_fraction":0.05,"response_headers":["Via"]}
Connection: keep-alive
X-Powered-By: Express
Content-Type: text/plain; charset=utf-8
Content-Length: 9
Etag: W/"9-PatfYBLj4Um1qTm5zrukoLhNyPU"
Date: Thu, 30 Nov 2023 15:28:56 GMT
Via: 1.1 vegur

Forbidden
[INFO ] 2023-11-30 20:58:57.485 [main] Booking_Test - Booking API Update User Test Ended....
]]></system-out>
  </testcase>
  <testcase name="Delete_Booking_Test" classname="com.QA.tests.Booking_Test" time="4.901">
    <system-out><![CDATA[[INFO ] 2023-11-30 20:58:57.495 [main] Booking_Test - Booking API Delete User Test Started....
HTTP/1.1 403 Forbidden
Server: Cowboy
Report-To: {"group":"heroku-nel","max_age":3600,"endpoints":[{"url":"https://nel.heroku.com/reports?ts=1701358141&sid=c46efe9b-d3d2-4a0c-8c76-bfafa16c5add&s=%2FK547n3CimoAYRULKgt2UD3ye%2FMXLlJSuIAEpY6VyWQ%3D"}]}
Reporting-Endpoints: heroku-nel=https://nel.heroku.com/reports?ts=1701358141&sid=c46efe9b-d3d2-4a0c-8c76-bfafa16c5add&s=%2FK547n3CimoAYRULKgt2UD3ye%2FMXLlJSuIAEpY6VyWQ%3D
Nel: {"report_to":"heroku-nel","max_age":3600,"success_fraction":0.005,"failure_fraction":0.05,"response_headers":["Via"]}
Connection: keep-alive
X-Powered-By: Express
Content-Type: text/plain; charset=utf-8
Content-Length: 9
Etag: W/"9-PatfYBLj4Um1qTm5zrukoLhNyPU"
Date: Thu, 30 Nov 2023 15:29:01 GMT
Via: 1.1 vegur

Forbidden
[INFO ] 2023-11-30 20:59:02.401 [main] Booking_Test - Booking API Create User Test ended....
]]></system-out>
  </testcase>
</testsuite>