<?xml version="1.0" encoding="UTF-8"?>
<testng-results ignored="0" total="8" passed="8" failed="0" skipped="0">
  <reporter-output>
  </reporter-output>
  <suite started-at="2023-11-30T20:21:12 IST" name="Suite" finished-at="2023-11-30T20:21:34 IST" duration-ms="22466">
    <groups>
    </groups>
    <test started-at="2023-11-30T20:21:12 IST" name="Employee_Test" finished-at="2023-11-30T20:21:24 IST" duration-ms="12348">
      <class name="com.QA.tests.Employee_Test">
        <test-method is-config="true" signature="set_Up()[pri:0, instance:com.QA.tests.Employee_Test@74751b3]" started-at="2023-11-30T20:21:12 IST" name="set_Up" finished-at="2023-11-30T20:21:14 IST" duration-ms="1394" status="PASS">
          <reporter-output>
          </reporter-output>
        </test-method> <!-- set_Up -->
        <test-method signature="Create_Employee_Details_Test()[pri:1, instance:com.QA.tests.Employee_Test@74751b3]" started-at="2023-11-30T20:21:14 IST" name="Create_Employee_Details_Test" finished-at="2023-11-30T20:21:19 IST" duration-ms="5208" status="PASS">
          <reporter-output>
          </reporter-output>
        </test-method> <!-- Create_Employee_Details_Test -->
        <test-method signature="Get_Employee_Details_Test()[pri:2, instance:com.QA.tests.Employee_Test@74751b3]" started-at="2023-11-30T20:21:19 IST" name="Get_Employee_Details_Test" finished-at="2023-11-30T20:21:20 IST" duration-ms="1663" status="PASS">
          <reporter-output>
          </reporter-output>
        </test-method> <!-- Get_Employee_Details_Test -->
        <test-method signature="Update_Employee_Details_Test()[pri:3, instance:com.QA.tests.Employee_Test@74751b3]" started-at="2023-11-30T20:21:20 IST" name="Update_Employee_Details_Test" finished-at="2023-11-30T20:21:22 IST" duration-ms="1682" status="PASS">
          <reporter-output>
          </reporter-output>
        </test-method> <!-- Update_Employee_Details_Test -->
        <test-method signature="Delete_Employee_Details_Test()[pri:4, instance:com.QA.tests.Employee_Test@74751b3]" started-at="2023-11-30T20:21:22 IST" name="Delete_Employee_Details_Test" finished-at="2023-11-30T20:21:24 IST" duration-ms="1912" status="PASS">
          <reporter-output>
          </reporter-output>
        </test-method> <!-- Delete_Employee_Details_Test -->
      </class> <!-- com.QA.tests.Employee_Test -->
    </test> <!-- Employee_Test -->
    <test started-at="2023-11-30T20:21:24 IST" name="Booking_Test" finished-at="2023-11-30T20:21:34 IST" duration-ms="9662">
      <class name="com.QA.tests.Booking_Test">
        <test-method is-config="true" signature="Set_Up()[pri:0, instance:com.QA.tests.Booking_Test@7d4f9aae]" started-at="2023-11-30T20:21:25 IST" name="Set_Up" finished-at="2023-11-30T20:21:25 IST" duration-ms="90" status="PASS">
          <reporter-output>
          </reporter-output>
        </test-method> <!-- Set_Up -->
        <test-method signature="Create_Booking_test()[pri:1, instance:com.QA.tests.Booking_Test@7d4f9aae]" started-at="2023-11-30T20:21:25 IST" name="Create_Booking_test" finished-at="2023-11-30T20:21:26 IST" duration-ms="1833" status="PASS">
          <reporter-output>
          </reporter-output>
        </test-method> <!-- Create_Booking_test -->
        <test-method signature="Get_Booking_Test()[pri:2, instance:com.QA.tests.Booking_Test@7d4f9aae]" started-at="2023-11-30T20:21:26 IST" name="Get_Booking_Test" finished-at="2023-11-30T20:21:28 IST" duration-ms="1774" status="PASS">
          <reporter-output>
          </reporter-output>
        </test-method> <!-- Get_Booking_Test -->
        <test-method signature="Update_Booking_Test()[pri:3, instance:com.QA.tests.Booking_Test@7d4f9aae]" started-at="2023-11-30T20:21:28 IST" name="Update_Booking_Test" finished-at="2023-11-30T20:21:31 IST" duration-ms="2989" status="PASS">
          <reporter-output>
          </reporter-output>
        </test-method> <!-- Update_Booking_Test -->
        <test-method signature="Delete_Booking_Test()[pri:4, instance:com.QA.tests.Booking_Test@7d4f9aae]" started-at="2023-11-30T20:21:31 IST" name="Delete_Booking_Test" finished-at="2023-11-30T20:21:34 IST" duration-ms="2952" status="PASS">
          <reporter-output>
          </reporter-output>
        </test-method> <!-- Delete_Booking_Test -->
      </class> <!-- com.QA.tests.Booking_Test -->
    </test> <!-- Booking_Test -->
  </suite> <!-- Suite -->
</testng-results>
